<?xml version="1.0" encoding="UTF-8"?>
<!-- Generated by org.testng.reporters.JUnitReportReporter -->
<testsuite hostname="DESKTOP-SEFJLQC" failures="0" tests="1" name="Queue.logintoQueue" time="2.269" errors="0" timestamp="14 May 2022 00:17:49 GMT" skipped="0">
  <testcase classname="Queue.logintoQueue" name="loginQueue" time="2.269"/>
</testsuite> <!-- Queue.logintoQueue -->
