<?xml version="1.0" encoding="UTF-8"?>
<!-- Generated by org.testng.reporters.JUnitReportReporter -->
<testsuite hostname="DESKTOP-SEFJLQC" failures="0" tests="2" name="Queue.implusingcollectionsdeque" time="31.191" errors="0" timestamp="06 Mar 2022 00:53:42 GMT" skipped="0">
  <testcase classname="Queue.implusingcollectionsdeque" name="loginQueue" time="1.659"/>
  <testcase classname="Queue.implusingcollectionsdeque" name="Implementcollectdeque" time="29.532"/>
</testsuite> <!-- Queue.implusingcollectionsdeque -->
