<?xml version="1.0" encoding="UTF-8"?>
<!-- Generated by org.testng.reporters.JUnitReportReporter -->
<testsuite hostname="DESKTOP-SEFJLQC" failures="0" tests="1" name="Testcases.loginTC" time="5.689" errors="0" timestamp="18 Feb 2022 02:29:56 GMT" skipped="0">
  <testcase classname="Testcases.loginTC" name="login" time="5.689"/>
</testsuite> <!-- Testcases.loginTC -->
