<?xml version="1.0" encoding="UTF-8"?>
<!-- Generated by org.testng.reporters.JUnitReportReporter -->
<testsuite hostname="DESKTOP-SEFJLQC" failures="0" tests="1" name="Testcases.Login_PageFactory_TC" time="1.714" errors="0" timestamp="18 Apr 2022 18:42:40 GMT" skipped="0">
  <testcase classname="Testcases.Login_PageFactory_TC" name="loginintoQueue" time="1.714"/>
</testsuite> <!-- Testcases.Login_PageFactory_TC -->
