<?xml version="1.0" encoding="UTF-8"?>
<!-- Generated by org.testng.reporters.JUnitReportReporter -->
<testsuite hostname="DESKTOP-SEFJLQC" failures="0" tests="1" name="Testcases.Queuemod_PageObjects_TC" time="11.563" errors="0" timestamp="18 Apr 2022 19:37:57 GMT" skipped="0">
  <testcase classname="Testcases.Queuemod_PageObjects_TC" name="login" time="11.563"/>
</testsuite> <!-- Testcases.Queuemod_PageObjects_TC -->
