<?xml version="1.0" encoding="UTF-8"?>
<!-- Generated by org.testng.reporters.JUnitReportReporter -->
<testsuite hostname="DESKTOP-SEFJLQC" failures="0" tests="1" name="Testcases.loginTC_PageFactory" time="6.108" errors="0" timestamp="02 Apr 2022 12:28:14 GMT" skipped="0">
  <testcase classname="Testcases.loginTC_PageFactory" name="loginintoQueue" time="6.108"/>
</testsuite> <!-- Testcases.loginTC_PageFactory -->
