<?xml version="1.0" encoding="UTF-8"?>
<!-- Generated by org.testng.reporters.JUnitReportReporter -->
<testsuite hostname="DESKTOP-SEFJLQC" failures="0" tests="2" name="Queue.implementationLists" time="20.233" errors="0" timestamp="14 May 2022 00:19:55 GMT" skipped="0">
  <testcase classname="Queue.implementationLists" name="loginQueue" time="2.169"/>
  <testcase classname="Queue.implementationLists" name="implementlists" time="18.064"/>
</testsuite> <!-- Queue.implementationLists -->
