<?xml version="1.0" encoding="UTF-8"?>
<!-- Generated by org.testng.reporters.JUnitReportReporter -->
<testsuite hostname="DESKTOP-SEFJLQC" failures="0" tests="1" name="Modules.Queue" time="7.331" errors="0" timestamp="11 Jan 2022 01:50:50 GMT" skipped="0">
  <testcase classname="Modules.Queue" name="logintoQueue" time="7.331"/>
</testsuite> <!-- Modules.Queue -->
