<?xml version="1.0" encoding="UTF-8"?>
<!-- Generated by org.testng.reporters.JUnitReportReporter -->
<testsuite hostname="DESKTOP-SEFJLQC" failures="0" tests="1" name="Modules.GetStartedpage" time="1.272" errors="0" timestamp="02 Jan 2022 02:04:31 GMT" skipped="0">
  <testcase classname="Modules.GetStartedpage" name="getStartedPage" time="1.272"/>
</testsuite> <!-- Modules.GetStartedpage -->
