<?xml version="1.0" encoding="UTF-8"?>
<!-- Generated by org.testng.reporters.JUnitReportReporter -->
<testsuite hostname="DESKTOP-SEFJLQC" failures="0" tests="4" name="Testcases.CrossBrowserTests" time="4.690" errors="1" timestamp="20 Apr 2022 02:05:01 GMT" skipped="1">
  <testcase classname="Testcases.CrossBrowserTests" name="loginintoQueue" time="0.000">
    <skipped/>
  </testcase> <!-- loginintoQueue -->
  <testcase classname="Testcases.CrossBrowserTests" name="loginintoQueue" time="2.363"/>
  <testcase classname="Testcases.CrossBrowserTests" name="loginintoQueue" time="2.326"/>
  <testcase classname="Testcases.CrossBrowserTests" name="setup" time="0.001">
    <error message="Browser is not correct" type="java.lang.Exception">
      <![CDATA[java.lang.Exception: Browser is not correct
at Testcases.CrossBrowserTests.setup(CrossBrowserTests.java:45)
at java.base/jdk.internal.reflect.NativeMethodAccessorImpl.invoke0(Native Method)
at java.base/jdk.internal.reflect.NativeMethodAccessorImpl.invoke(NativeMethodAccessorImpl.java:77)
at java.base/jdk.internal.reflect.DelegatingMethodAccessorImpl.invoke(DelegatingMethodAccessorImpl.java:43)
at java.base/java.lang.reflect.Method.invoke(Method.java:568)
at org.testng.internal.MethodInvocationHelper.invokeMethod(MethodInvocationHelper.java:124)
at org.testng.internal.MethodInvocationHelper.invokeMethodConsideringTimeout(MethodInvocationHelper.java:59)
at org.testng.internal.Invoker.invokeConfigurationMethod(Invoker.java:458)
at org.testng.internal.Invoker.invokeConfigurations(Invoker.java:222)
at org.testng.internal.Invoker.invokeConfigurations(Invoker.java:142)
at org.testng.TestRunner.beforeRun(TestRunner.java:529)
at org.testng.TestRunner.run(TestRunner.java:497)
at org.testng.SuiteRunner.runTest(SuiteRunner.java:455)
at org.testng.SuiteRunner.access$000(SuiteRunner.java:40)
at org.testng.SuiteRunner$SuiteWorker.run(SuiteRunner.java:489)
at org.testng.internal.thread.ThreadUtil$1.call(ThreadUtil.java:52)
at java.base/java.util.concurrent.FutureTask.run(FutureTask.java:264)
at java.base/java.util.concurrent.ThreadPoolExecutor.runWorker(ThreadPoolExecutor.java:1136)
at java.base/java.util.concurrent.ThreadPoolExecutor$Worker.run(ThreadPoolExecutor.java:635)
at java.base/java.lang.Thread.run(Thread.java:833)
]]>
    </error>
  </testcase> <!-- setup -->
</testsuite> <!-- Testcases.CrossBrowserTests -->
