<?xml version="1.0" encoding="UTF-8"?>
<!-- Generated by org.testng.reporters.JUnitReportReporter -->
<testsuite hostname="DESKTOP-SEFJLQC" failures="0" tests="1" name="Testcases.login_TC1" time="1.502" errors="0" timestamp="02 Apr 2022 13:14:38 GMT" skipped="0">
  <testcase classname="Testcases.login_TC1" name="loginTC" time="1.502"/>
</testsuite> <!-- Testcases.login_TC1 -->
