<?xml version="1.0" encoding="UTF-8"?>
<!-- Generated by org.testng.reporters.JUnitReportReporter -->
<testsuite hostname="DESKTOP-SEFJLQC" failures="0" tests="1" name="Testcases.QueueTC" time="9.127" errors="0" timestamp="15 Mar 2022 03:05:26 GMT" skipped="0">
  <testcase classname="Testcases.QueueTC" name="login" time="9.127"/>
</testsuite> <!-- Testcases.QueueTC -->
