<?xml version="1.0" encoding="UTF-8"?>
<!-- Generated by org.testng.reporters.JUnitReportReporter -->
<testsuite hostname="DESKTOP-SEFJLQC" failures="0" tests="1" name="Queue.GetStartedpage" time="0.519" errors="0" timestamp="06 Mar 2022 00:53:42 GMT" skipped="0">
  <testcase classname="Queue.GetStartedpage" name="getStartedPage" time="0.519"/>
</testsuite> <!-- Queue.GetStartedpage -->
