<?xml version="1.0" encoding="UTF-8"?>
<!-- Generated by org.testng.reporters.JUnitReportReporter -->
<testsuite hostname="DESKTOP-SEFJLQC" failures="0" tests="1" name="Testcases.Login_Pages_TC" time="1.919" errors="0" timestamp="18 Apr 2022 18:57:02 GMT" skipped="0">
  <testcase classname="Testcases.Login_Pages_TC" name="loginTC" time="1.919"/>
</testsuite> <!-- Testcases.Login_Pages_TC -->
